#! /usr/bin/vvp
:ivl_version "11.0 (stable)";
:ivl_delay_selection "TYPICAL";
:vpi_time_precision + 0;
:vpi_module "/usr/lib/x86_64-linux-gnu/ivl/system.vpi";
:vpi_module "/usr/lib/x86_64-linux-gnu/ivl/vhdl_sys.vpi";
:vpi_module "/usr/lib/x86_64-linux-gnu/ivl/vhdl_textio.vpi";
:vpi_module "/usr/lib/x86_64-linux-gnu/ivl/v2005_math.vpi";
:vpi_module "/usr/lib/x86_64-linux-gnu/ivl/va_math.vpi";
S_0x5da532f8bdf0 .scope module, "mic" "mic" 2 1;
 .timescale 0 0;
    .port_info 0 /INPUT 1 "mic";
    .port_info 1 /INPUT 1 "clk";
    .port_info 2 /INPUT 1 "rst";
    .port_info 3 /OUTPUT 1 "buzzer";
P_0x5da532f8bf80 .param/l "COUNT_MAX" 0 2 1, +C4<00000001011111010111100001000000>;
v0x5da532f8d7b0_0 .var "buzzer", 0 0;
o0x79d3ab5cf048 .functor BUFZ 1, C4<z>; HiZ drive
v0x5da532f8dba0_0 .net "clk", 0 0, o0x79d3ab5cf048;  0 drivers
v0x5da532fde530_0 .var "clkmseg", 0 0;
v0x5da532fde5d0_0 .var "contmsegs", 3 0;
v0x5da532fde6b0_0 .var "counter", 24 0;
o0x79d3ab5cf108 .functor BUFZ 1, C4<z>; HiZ drive
v0x5da532fde7e0_0 .net "mic", 0 0, o0x79d3ab5cf108;  0 drivers
v0x5da532fde8a0_0 .var "prev_mic", 0 0;
o0x79d3ab5cf168 .functor BUFZ 1, C4<z>; HiZ drive
v0x5da532fde960_0 .net "rst", 0 0, o0x79d3ab5cf168;  0 drivers
E_0x5da532fc4ec0 .event posedge, v0x5da532fde960_0, v0x5da532f8dba0_0;
E_0x5da532f8c8a0 .event posedge, v0x5da532fde960_0, v0x5da532fde530_0;
    .scope S_0x5da532f8bdf0;
T_0 ;
    %pushi/vec4 0, 0, 1;
    %store/vec4 v0x5da532fde8a0_0, 0, 1;
    %end;
    .thread T_0;
    .scope S_0x5da532f8bdf0;
T_1 ;
    %wait E_0x5da532fc4ec0;
    %load/vec4 v0x5da532fde960_0;
    %flag_set/vec4 8;
    %jmp/0xz  T_1.0, 8;
    %pushi/vec4 0, 0, 1;
    %assign/vec4 v0x5da532fde530_0, 0;
    %pushi/vec4 0, 0, 25;
    %assign/vec4 v0x5da532fde6b0_0, 0;
    %jmp T_1.1;
T_1.0 ;
    %load/vec4 v0x5da532fde6b0_0;
    %pad/u 32;
    %cmpi/e 24999999, 0, 32;
    %jmp/0xz  T_1.2, 4;
    %load/vec4 v0x5da532fde530_0;
    %inv;
    %assign/vec4 v0x5da532fde530_0, 0;
    %pushi/vec4 0, 0, 25;
    %assign/vec4 v0x5da532fde6b0_0, 0;
    %jmp T_1.3;
T_1.2 ;
    %load/vec4 v0x5da532fde6b0_0;
    %addi 1, 0, 25;
    %store/vec4 v0x5da532fde6b0_0, 0, 25;
T_1.3 ;
T_1.1 ;
    %jmp T_1;
    .thread T_1;
    .scope S_0x5da532f8bdf0;
T_2 ;
    %wait E_0x5da532f8c8a0;
    %load/vec4 v0x5da532fde960_0;
    %flag_set/vec4 8;
    %jmp/0xz  T_2.0, 8;
    %pushi/vec4 0, 0, 4;
    %assign/vec4 v0x5da532fde5d0_0, 0;
    %jmp T_2.1;
T_2.0 ;
    %load/vec4 v0x5da532fde5d0_0;
    %addi 1, 0, 4;
    %assign/vec4 v0x5da532fde5d0_0, 0;
T_2.1 ;
    %jmp T_2;
    .thread T_2;
    .scope S_0x5da532f8bdf0;
T_3 ;
    %wait E_0x5da532fc4ec0;
    %load/vec4 v0x5da532fde960_0;
    %flag_set/vec4 8;
    %jmp/0xz  T_3.0, 8;
    %pushi/vec4 0, 0, 1;
    %assign/vec4 v0x5da532f8d7b0_0, 0;
    %jmp T_3.1;
T_3.0 ;
    %load/vec4 v0x5da532fde7e0_0;
    %load/vec4 v0x5da532fde8a0_0;
    %pad/u 32;
    %pushi/vec4 0, 0, 32;
    %cmp/e;
    %flag_get/vec4 4;
    %and;
    %flag_set/vec4 8;
    %jmp/0xz  T_3.2, 8;
    %pushi/vec4 0, 0, 4;
    %assign/vec4 v0x5da532fde5d0_0, 0;
    %load/vec4 v0x5da532fde5d0_0;
    %pad/u 32;
    %cmpi/e 5, 0, 32;
    %jmp/0xz  T_3.4, 4;
    %pushi/vec4 1, 0, 1;
    %assign/vec4 v0x5da532f8d7b0_0, 0;
    %jmp T_3.5;
T_3.4 ;
    %load/vec4 v0x5da532fde5d0_0;
    %pad/u 32;
    %cmpi/e 6, 0, 32;
    %jmp/0xz  T_3.6, 4;
    %pushi/vec4 0, 0, 1;
    %assign/vec4 v0x5da532f8d7b0_0, 0;
    %jmp T_3.7;
T_3.6 ;
    %load/vec4 v0x5da532fde5d0_0;
    %pad/u 32;
    %cmpi/e 7, 0, 32;
    %jmp/0xz  T_3.8, 4;
    %pushi/vec4 1, 0, 1;
    %assign/vec4 v0x5da532f8d7b0_0, 0;
    %jmp T_3.9;
T_3.8 ;
    %load/vec4 v0x5da532fde5d0_0;
    %pad/u 32;
    %cmpi/e 8, 0, 32;
    %jmp/0xz  T_3.10, 4;
    %pushi/vec4 0, 0, 1;
    %assign/vec4 v0x5da532f8d7b0_0, 0;
    %jmp T_3.11;
T_3.10 ;
    %load/vec4 v0x5da532fde5d0_0;
    %pad/u 32;
    %cmpi/e 9, 0, 32;
    %jmp/0xz  T_3.12, 4;
    %pushi/vec4 1, 0, 1;
    %assign/vec4 v0x5da532f8d7b0_0, 0;
    %jmp T_3.13;
T_3.12 ;
    %load/vec4 v0x5da532fde5d0_0;
    %pad/u 32;
    %cmpi/e 10, 0, 32;
    %jmp/0xz  T_3.14, 4;
    %pushi/vec4 0, 0, 1;
    %assign/vec4 v0x5da532f8d7b0_0, 0;
    %load/vec4 v0x5da532fde7e0_0;
    %store/vec4 v0x5da532fde8a0_0, 0, 1;
    %pushi/vec4 0, 0, 4;
    %assign/vec4 v0x5da532fde5d0_0, 0;
T_3.14 ;
T_3.13 ;
T_3.11 ;
T_3.9 ;
T_3.7 ;
T_3.5 ;
T_3.2 ;
T_3.1 ;
    %jmp T_3;
    .thread T_3;
# The file index is used to find the file name in the following table.
:file_names 3;
    "N/A";
    "<interactive>";
    "mic.v";
