#! /usr/bin/vvp
:ivl_version "12.0 (stable)";
:ivl_delay_selection "TYPICAL";
:vpi_time_precision - 12;
:vpi_module "/usr/lib64/ivl/system.vpi";
:vpi_module "/usr/lib64/ivl/vhdl_sys.vpi";
:vpi_module "/usr/lib64/ivl/vhdl_textio.vpi";
:vpi_module "/usr/lib64/ivl/v2005_math.vpi";
:vpi_module "/usr/lib64/ivl/va_math.vpi";
S_0x5590729d05d0 .scope module, "mic_TB" "mic_TB" 2 4;
 .timescale -3 -12;
v0x5590729ea6a0_0 .net "buzzer", 0 0, v0x5590729b4270_0;  1 drivers
v0x5590729ea760_0 .var "clk", 0 0;
v0x5590729ea800_0 .var "mic", 0 0;
v0x5590729ea8d0_0 .var "rst", 0 0;
v0x5590729ea9a0_0 .net "signal_awake", 0 0, v0x5590729ea460_0;  1 drivers
S_0x5590729d0760 .scope begin, "TEST_CASE" "TEST_CASE" 2 40, 2 40 0, S_0x5590729d05d0;
 .timescale -3 -12;
S_0x55907298c490 .scope module, "uut" "mic" 2 14, 3 1 0, S_0x5590729d05d0;
 .timescale -3 -12;
    .port_info 0 /INPUT 1 "mic";
    .port_info 1 /INPUT 1 "clk";
    .port_info 2 /INPUT 1 "rst";
    .port_info 3 /OUTPUT 1 "buzzer";
    .port_info 4 /OUTPUT 1 "signal_awake";
P_0x5590729b85d0 .param/l "COUNT_MAX" 0 3 1, +C4<00000000000000000000000000110010>;
P_0x5590729b8610 .param/l "LISTENING" 1 3 9, C4<00>;
P_0x5590729b8650 .param/l "SPEAKING" 1 3 11, C4<10>;
P_0x5590729b8690 .param/l "WAITING" 1 3 10, C4<01>;
v0x5590729b4270_0 .var "buzzer", 0 0;
v0x5590729b4370_0 .net "clk", 0 0, v0x5590729ea760_0;  1 drivers
v0x5590729e9e90_0 .var "clkmseg", 0 0;
v0x5590729e9f30_0 .var "contmsegs", 4 0;
v0x5590729ea010_0 .var "counter", 5 0;
v0x5590729ea140_0 .net "mic", 0 0, v0x5590729ea800_0;  1 drivers
v0x5590729ea200_0 .var "next", 2 0;
v0x5590729ea2e0_0 .var "prev_mic", 0 0;
v0x5590729ea3a0_0 .net "rst", 0 0, v0x5590729ea8d0_0;  1 drivers
v0x5590729ea460_0 .var "signal_awake", 0 0;
v0x5590729ea520_0 .var "state", 2 0;
E_0x55907298cf40 .event posedge, v0x5590729ea3a0_0, v0x5590729e9e90_0;
E_0x5590729c5500 .event posedge, v0x5590729ea3a0_0, v0x5590729b4370_0;
E_0x5590729c5c60 .event anyedge, v0x5590729ea520_0, v0x5590729ea140_0, v0x5590729ea2e0_0, v0x5590729e9f30_0;
    .scope S_0x55907298c490;
T_0 ;
    %pushi/vec4 0, 0, 3;
    %assign/vec4 v0x5590729ea520_0, 0;
    %pushi/vec4 0, 0, 3;
    %assign/vec4 v0x5590729ea200_0, 0;
    %end;
    .thread T_0;
    .scope S_0x55907298c490;
T_1 ;
    %wait E_0x5590729c5500;
    %load/vec4 v0x5590729ea3a0_0;
    %flag_set/vec4 8;
    %jmp/0xz  T_1.0, 8;
    %pushi/vec4 0, 0, 3;
    %assign/vec4 v0x5590729ea520_0, 0;
    %jmp T_1.1;
T_1.0 ;
    %load/vec4 v0x5590729ea200_0;
    %assign/vec4 v0x5590729ea520_0, 0;
T_1.1 ;
    %jmp T_1;
    .thread T_1;
    .scope S_0x55907298c490;
T_2 ;
    %wait E_0x5590729c5c60;
    %load/vec4 v0x5590729ea520_0;
    %dup/vec4;
    %pushi/vec4 0, 0, 3;
    %cmp/u;
    %jmp/1 T_2.0, 6;
    %dup/vec4;
    %pushi/vec4 1, 0, 3;
    %cmp/u;
    %jmp/1 T_2.1, 6;
    %dup/vec4;
    %pushi/vec4 2, 0, 3;
    %cmp/u;
    %jmp/1 T_2.2, 6;
    %pushi/vec4 0, 0, 1;
    %store/vec4 v0x5590729b4270_0, 0, 1;
    %jmp T_2.4;
T_2.0 ;
    %load/vec4 v0x5590729ea140_0;
    %flag_set/vec4 9;
    %flag_get/vec4 9;
    %jmp/0 T_2.7, 9;
    %load/vec4 v0x5590729ea2e0_0;
    %pad/u 32;
    %pushi/vec4 0, 0, 32;
    %cmp/e;
    %flag_get/vec4 4;
    %and;
T_2.7;
    %flag_set/vec4 8;
    %jmp/0xz  T_2.5, 8;
    %pushi/vec4 1, 0, 3;
    %store/vec4 v0x5590729ea200_0, 0, 3;
    %pushi/vec4 0, 0, 5;
    %assign/vec4 v0x5590729e9f30_0, 0;
    %pushi/vec4 1, 0, 1;
    %assign/vec4 v0x5590729ea460_0, 0;
T_2.5 ;
    %jmp T_2.4;
T_2.1 ;
    %pushi/vec4 2, 0, 3;
    %store/vec4 v0x5590729ea200_0, 0, 3;
    %pushi/vec4 0, 0, 1;
    %assign/vec4 v0x5590729ea460_0, 0;
    %jmp T_2.4;
T_2.2 ;
    %load/vec4 v0x5590729e9f30_0;
    %pad/u 32;
    %cmpi/u 2, 0, 32;
    %jmp/0xz  T_2.8, 5;
    %pushi/vec4 1, 0, 1;
    %assign/vec4 v0x5590729b4270_0, 0;
    %jmp T_2.9;
T_2.8 ;
    %load/vec4 v0x5590729e9f30_0;
    %pad/u 32;
    %cmpi/u 4, 0, 32;
    %jmp/0xz  T_2.10, 5;
    %pushi/vec4 0, 0, 1;
    %assign/vec4 v0x5590729b4270_0, 0;
    %jmp T_2.11;
T_2.10 ;
    %load/vec4 v0x5590729e9f30_0;
    %pad/u 32;
    %cmpi/u 6, 0, 32;
    %jmp/0xz  T_2.12, 5;
    %pushi/vec4 1, 0, 1;
    %assign/vec4 v0x5590729b4270_0, 0;
    %jmp T_2.13;
T_2.12 ;
    %load/vec4 v0x5590729e9f30_0;
    %pad/u 32;
    %cmpi/u 8, 0, 32;
    %jmp/0xz  T_2.14, 5;
    %pushi/vec4 0, 0, 1;
    %assign/vec4 v0x5590729b4270_0, 0;
    %jmp T_2.15;
T_2.14 ;
    %load/vec4 v0x5590729e9f30_0;
    %pad/u 32;
    %cmpi/u 10, 0, 32;
    %jmp/0xz  T_2.16, 5;
    %pushi/vec4 1, 0, 1;
    %assign/vec4 v0x5590729b4270_0, 0;
    %jmp T_2.17;
T_2.16 ;
    %load/vec4 v0x5590729e9f30_0;
    %pad/u 32;
    %cmpi/u 12, 0, 32;
    %jmp/0xz  T_2.18, 5;
    %pushi/vec4 0, 0, 1;
    %assign/vec4 v0x5590729b4270_0, 0;
    %jmp T_2.19;
T_2.18 ;
    %pushi/vec4 0, 0, 1;
    %assign/vec4 v0x5590729b4270_0, 0;
    %pushi/vec4 0, 0, 3;
    %store/vec4 v0x5590729ea200_0, 0, 3;
T_2.19 ;
T_2.17 ;
T_2.15 ;
T_2.13 ;
T_2.11 ;
T_2.9 ;
    %jmp T_2.4;
T_2.4 ;
    %pop/vec4 1;
    %load/vec4 v0x5590729ea140_0;
    %assign/vec4 v0x5590729ea2e0_0, 0;
    %jmp T_2;
    .thread T_2, $push;
    .scope S_0x55907298c490;
T_3 ;
    %wait E_0x5590729c5500;
    %load/vec4 v0x5590729ea3a0_0;
    %flag_set/vec4 8;
    %jmp/0xz  T_3.0, 8;
    %pushi/vec4 0, 0, 1;
    %assign/vec4 v0x5590729e9e90_0, 0;
    %pushi/vec4 0, 0, 6;
    %assign/vec4 v0x5590729ea010_0, 0;
    %jmp T_3.1;
T_3.0 ;
    %load/vec4 v0x5590729ea010_0;
    %pad/u 32;
    %cmpi/e 49, 0, 32;
    %jmp/0xz  T_3.2, 4;
    %load/vec4 v0x5590729e9e90_0;
    %inv;
    %assign/vec4 v0x5590729e9e90_0, 0;
    %pushi/vec4 0, 0, 6;
    %assign/vec4 v0x5590729ea010_0, 0;
    %jmp T_3.3;
T_3.2 ;
    %load/vec4 v0x5590729ea010_0;
    %addi 1, 0, 6;
    %store/vec4 v0x5590729ea010_0, 0, 6;
T_3.3 ;
T_3.1 ;
    %jmp T_3;
    .thread T_3;
    .scope S_0x55907298c490;
T_4 ;
    %wait E_0x55907298cf40;
    %load/vec4 v0x5590729ea3a0_0;
    %flag_set/vec4 8;
    %jmp/0xz  T_4.0, 8;
    %pushi/vec4 0, 0, 5;
    %assign/vec4 v0x5590729e9f30_0, 0;
    %jmp T_4.1;
T_4.0 ;
    %load/vec4 v0x5590729e9f30_0;
    %addi 1, 0, 5;
    %assign/vec4 v0x5590729e9f30_0, 0;
T_4.1 ;
    %jmp T_4;
    .thread T_4;
    .scope S_0x5590729d05d0;
T_5 ;
    %delay 705032704, 1;
    %load/vec4 v0x5590729ea760_0;
    %inv;
    %store/vec4 v0x5590729ea760_0, 0, 1;
    %jmp T_5;
    .thread T_5;
    .scope S_0x5590729d05d0;
T_6 ;
    %pushi/vec4 0, 0, 1;
    %store/vec4 v0x5590729ea760_0, 0, 1;
    %pushi/vec4 0, 0, 1;
    %store/vec4 v0x5590729ea800_0, 0, 1;
    %pushi/vec4 1, 0, 1;
    %store/vec4 v0x5590729ea8d0_0, 0, 1;
    %delay 3567587328, 232;
    %pushi/vec4 0, 0, 1;
    %store/vec4 v0x5590729ea8d0_0, 0, 1;
    %delay 3567587328, 232;
    %pushi/vec4 1, 0, 1;
    %store/vec4 v0x5590729ea800_0, 0, 1;
    %delay 3567587328, 232;
    %pushi/vec4 0, 0, 1;
    %store/vec4 v0x5590729ea800_0, 0, 1;
    %delay 2285707264, 11641;
    %pushi/vec4 1, 0, 1;
    %store/vec4 v0x5590729ea800_0, 0, 1;
    %delay 276447232, 23283;
    %pushi/vec4 0, 0, 1;
    %store/vec4 v0x5590729ea800_0, 0, 1;
    %delay 2632269824, 4656;
    %pushi/vec4 1, 0, 1;
    %store/vec4 v0x5590729ea800_0, 0, 1;
    %delay 1316134912, 2328;
    %pushi/vec4 0, 0, 1;
    %store/vec4 v0x5590729ea800_0, 0, 1;
    %end;
    .thread T_6;
    .scope S_0x5590729d05d0;
T_7 ;
    %fork t_1, S_0x5590729d0760;
    %jmp t_0;
    .scope S_0x5590729d0760;
t_1 ;
    %vpi_call 2 41 "$dumpfile", "mic_TB.vcd" {0 0 0};
    %vpi_call 2 42 "$dumpvars", 32'sb11111111111111111111111111111111, S_0x55907298c490 {0 0 0};
    %delay 2764472320, 232830;
    %vpi_call 2 43 "$finish" {0 0 0};
    %end;
    .scope S_0x5590729d05d0;
t_0 %join;
    %end;
    .thread T_7;
# The file index is used to find the file name in the following table.
:file_names 4;
    "N/A";
    "<interactive>";
    "mic_TB.v";
    "/home/jpalaciosch/Desktop/Digital_I/DigitalLabs/proyecto-final/entrega-1-proyecto-grupo01-2024-1/src/Sensores/microfono/mic.v";
