#! /usr/bin/vvp
:ivl_version "12.0 (stable)";
:ivl_delay_selection "TYPICAL";
:vpi_time_precision - 12;
:vpi_module "/usr/lib64/ivl/system.vpi";
:vpi_module "/usr/lib64/ivl/vhdl_sys.vpi";
:vpi_module "/usr/lib64/ivl/vhdl_textio.vpi";
:vpi_module "/usr/lib64/ivl/v2005_math.vpi";
:vpi_module "/usr/lib64/ivl/va_math.vpi";
S_0x55cada4fa4b0 .scope module, "bttnTestTB" "bttnTestTB" 2 4;
 .timescale -9 -12;
v0x55cada517020_0 .var "botonReset", 0 0;
v0x55cada5170e0_0 .net "btnRst", 0 0, v0x55cada4dff60_0;  1 drivers
v0x55cada517180_0 .var "clk", 0 0;
v0x55cada517220_0 .var "rst", 0 0;
S_0x55cada4fa640 .scope begin, "TEST_CASE" "TEST_CASE" 2 68, 2 68 0, S_0x55cada4fa4b0;
 .timescale -9 -12;
S_0x55cada4b8490 .scope module, "uut" "bttnReset" 2 13, 3 1 0, S_0x55cada4fa4b0;
 .timescale -9 -12;
    .port_info 0 /INPUT 1 "botonReset";
    .port_info 1 /INPUT 1 "clk";
    .port_info 2 /INPUT 1 "rst";
    .port_info 3 /OUTPUT 1 "btnRst";
P_0x55cada4fe980 .param/l "COUNT_MAX" 0 3 1, +C4<00000000000000000000000000000001>;
P_0x55cada4fe9c0 .param/l "FiveSegs" 0 3 1, +C4<00000000000000000000000000000101>;
P_0x55cada4fea00 .param/l "PRESSING" 1 3 9, C4<00>;
P_0x55cada4fea40 .param/l "WAITING" 1 3 10, C4<01>;
v0x55cada4dfe60_0 .net "botonReset", 0 0, v0x55cada517020_0;  1 drivers
v0x55cada4dff60_0 .var "btnRst", 0 0;
v0x55cada4e1450_0 .net "clk", 0 0, v0x55cada517180_0;  1 drivers
v0x55cada4e1520_0 .var "clkmseg", 0 0;
v0x55cada516b10_0 .var "contmsegs", 3 0;
v0x55cada516c40_0 .var "counter", -1 0;
v0x55cada516d20_0 .var "next", 3 0;
v0x55cada516e00_0 .net "rst", 0 0, v0x55cada517220_0;  1 drivers
v0x55cada516ec0_0 .var "state", 3 0;
E_0x55cada4f1d40 .event posedge, v0x55cada516e00_0, v0x55cada4e1520_0;
E_0x55cada4f1120 .event posedge, v0x55cada516e00_0, v0x55cada4e1450_0;
    .scope S_0x55cada4b8490;
T_0 ;
    %pushi/vec4 0, 0, 4;
    %assign/vec4 v0x55cada516ec0_0, 0;
    %pushi/vec4 0, 0, 4;
    %assign/vec4 v0x55cada516d20_0, 0;
    %end;
    .thread T_0;
    .scope S_0x55cada4b8490;
T_1 ;
    %wait E_0x55cada4f1120;
    %load/vec4 v0x55cada516e00_0;
    %flag_set/vec4 8;
    %jmp/0xz  T_1.0, 8;
    %pushi/vec4 0, 0, 4;
    %assign/vec4 v0x55cada516ec0_0, 0;
    %jmp T_1.1;
T_1.0 ;
    %load/vec4 v0x55cada516d20_0;
    %assign/vec4 v0x55cada516ec0_0, 0;
T_1.1 ;
    %jmp T_1;
    .thread T_1;
    .scope S_0x55cada4b8490;
T_2 ;
    %wait E_0x55cada4f1120;
    %load/vec4 v0x55cada516ec0_0;
    %dup/vec4;
    %pushi/vec4 0, 0, 4;
    %cmp/u;
    %jmp/1 T_2.0, 6;
    %dup/vec4;
    %pushi/vec4 1, 0, 4;
    %cmp/u;
    %jmp/1 T_2.1, 6;
    %jmp T_2.2;
T_2.0 ;
    %pushi/vec4 0, 0, 1;
    %assign/vec4 v0x55cada4dff60_0, 0;
    %load/vec4 v0x55cada4dfe60_0;
    %flag_set/vec4 8;
    %jmp/0xz  T_2.3, 8;
    %pushi/vec4 1, 0, 4;
    %assign/vec4 v0x55cada516d20_0, 0;
    %pushi/vec4 0, 0, 2;
    %assign/vec4 v0x55cada516c40_0, 0;
    %pushi/vec4 0, 0, 4;
    %assign/vec4 v0x55cada516b10_0, 0;
    %jmp T_2.4;
T_2.3 ;
    %pushi/vec4 0, 0, 4;
    %assign/vec4 v0x55cada516d20_0, 0;
T_2.4 ;
    %jmp T_2.2;
T_2.1 ;
    %load/vec4 v0x55cada4dfe60_0;
    %nor/r;
    %flag_set/vec4 8;
    %jmp/0xz  T_2.5, 8;
    %pushi/vec4 0, 0, 4;
    %assign/vec4 v0x55cada516d20_0, 0;
    %jmp T_2.6;
T_2.5 ;
    %load/vec4 v0x55cada516b10_0;
    %pad/u 32;
    %cmpi/u 5, 0, 32;
    %jmp/0xz  T_2.7, 5;
    %pushi/vec4 1, 0, 4;
    %assign/vec4 v0x55cada516d20_0, 0;
    %jmp T_2.8;
T_2.7 ;
    %pushi/vec4 1, 0, 1;
    %assign/vec4 v0x55cada4dff60_0, 0;
    %pushi/vec4 0, 0, 4;
    %assign/vec4 v0x55cada516b10_0, 0;
    %pushi/vec4 0, 0, 4;
    %assign/vec4 v0x55cada516d20_0, 0;
T_2.8 ;
T_2.6 ;
    %jmp T_2.2;
T_2.2 ;
    %pop/vec4 1;
    %jmp T_2;
    .thread T_2;
    .scope S_0x55cada4b8490;
T_3 ;
    %wait E_0x55cada4f1120;
    %load/vec4 v0x55cada516e00_0;
    %flag_set/vec4 8;
    %jmp/0xz  T_3.0, 8;
    %pushi/vec4 0, 0, 1;
    %assign/vec4 v0x55cada4e1520_0, 0;
    %pushi/vec4 0, 0, 2;
    %assign/vec4 v0x55cada516c40_0, 0;
    %jmp T_3.1;
T_3.0 ;
    %load/vec4 v0x55cada516c40_0;
    %pad/u 32;
    %cmpi/e 0, 0, 32;
    %jmp/0xz  T_3.2, 4;
    %load/vec4 v0x55cada4e1520_0;
    %inv;
    %assign/vec4 v0x55cada4e1520_0, 0;
    %pushi/vec4 0, 0, 2;
    %assign/vec4 v0x55cada516c40_0, 0;
    %jmp T_3.3;
T_3.2 ;
    %load/vec4 v0x55cada516c40_0;
    %addi 1, 0, 2;
    %store/vec4 v0x55cada516c40_0, 0, 2;
T_3.3 ;
T_3.1 ;
    %jmp T_3;
    .thread T_3;
    .scope S_0x55cada4b8490;
T_4 ;
    %wait E_0x55cada4f1d40;
    %load/vec4 v0x55cada516e00_0;
    %flag_set/vec4 8;
    %jmp/0xz  T_4.0, 8;
    %pushi/vec4 0, 0, 4;
    %assign/vec4 v0x55cada516b10_0, 0;
    %jmp T_4.1;
T_4.0 ;
    %load/vec4 v0x55cada516b10_0;
    %addi 1, 0, 4;
    %assign/vec4 v0x55cada516b10_0, 0;
T_4.1 ;
    %jmp T_4;
    .thread T_4;
    .scope S_0x55cada4fa4b0;
T_5 ;
    %delay 5000, 0;
    %load/vec4 v0x55cada517180_0;
    %inv;
    %store/vec4 v0x55cada517180_0, 0, 1;
    %jmp T_5;
    .thread T_5;
    .scope S_0x55cada4fa4b0;
T_6 ;
    %pushi/vec4 0, 0, 1;
    %store/vec4 v0x55cada517180_0, 0, 1;
    %pushi/vec4 0, 0, 1;
    %store/vec4 v0x55cada517020_0, 0, 1;
    %delay 5000, 0;
    %pushi/vec4 1, 0, 1;
    %store/vec4 v0x55cada517220_0, 0, 1;
    %delay 10000, 0;
    %pushi/vec4 0, 0, 1;
    %store/vec4 v0x55cada517220_0, 0, 1;
    %delay 10000, 0;
    %pushi/vec4 1, 0, 1;
    %store/vec4 v0x55cada517020_0, 0, 1;
    %delay 10000, 0;
    %pushi/vec4 0, 0, 1;
    %store/vec4 v0x55cada517020_0, 0, 1;
    %delay 10000, 0;
    %pushi/vec4 1, 0, 1;
    %store/vec4 v0x55cada517020_0, 0, 1;
    %delay 10000, 0;
    %pushi/vec4 0, 0, 1;
    %store/vec4 v0x55cada517020_0, 0, 1;
    %delay 10000, 0;
    %pushi/vec4 1, 0, 1;
    %store/vec4 v0x55cada517020_0, 0, 1;
    %delay 10000, 0;
    %pushi/vec4 0, 0, 1;
    %store/vec4 v0x55cada517020_0, 0, 1;
    %delay 10000, 0;
    %pushi/vec4 1, 0, 1;
    %store/vec4 v0x55cada517020_0, 0, 1;
    %delay 110000, 0;
    %pushi/vec4 0, 0, 1;
    %store/vec4 v0x55cada517020_0, 0, 1;
    %delay 30000, 0;
    %pushi/vec4 1, 0, 1;
    %store/vec4 v0x55cada517020_0, 0, 1;
    %delay 10000, 0;
    %pushi/vec4 0, 0, 1;
    %store/vec4 v0x55cada517020_0, 0, 1;
    %delay 10000, 0;
    %pushi/vec4 1, 0, 1;
    %store/vec4 v0x55cada517020_0, 0, 1;
    %delay 10000, 0;
    %pushi/vec4 0, 0, 1;
    %store/vec4 v0x55cada517020_0, 0, 1;
    %delay 10000, 0;
    %pushi/vec4 1, 0, 1;
    %store/vec4 v0x55cada517020_0, 0, 1;
    %delay 10000, 0;
    %pushi/vec4 0, 0, 1;
    %store/vec4 v0x55cada517020_0, 0, 1;
    %delay 50000, 0;
    %pushi/vec4 1, 0, 1;
    %store/vec4 v0x55cada517020_0, 0, 1;
    %delay 110000, 0;
    %pushi/vec4 0, 0, 1;
    %store/vec4 v0x55cada517020_0, 0, 1;
    %delay 30000, 0;
    %pushi/vec4 1, 0, 1;
    %store/vec4 v0x55cada517020_0, 0, 1;
    %delay 10000, 0;
    %pushi/vec4 0, 0, 1;
    %store/vec4 v0x55cada517020_0, 0, 1;
    %delay 10000, 0;
    %pushi/vec4 1, 0, 1;
    %store/vec4 v0x55cada517020_0, 0, 1;
    %delay 10000, 0;
    %pushi/vec4 0, 0, 1;
    %store/vec4 v0x55cada517020_0, 0, 1;
    %delay 10000, 0;
    %pushi/vec4 1, 0, 1;
    %store/vec4 v0x55cada517020_0, 0, 1;
    %delay 10000, 0;
    %pushi/vec4 0, 0, 1;
    %store/vec4 v0x55cada517020_0, 0, 1;
    %delay 10000, 0;
    %pushi/vec4 1, 0, 1;
    %store/vec4 v0x55cada517020_0, 0, 1;
    %delay 10000, 0;
    %pushi/vec4 0, 0, 1;
    %store/vec4 v0x55cada517020_0, 0, 1;
    %end;
    .thread T_6;
    .scope S_0x55cada4fa4b0;
T_7 ;
    %fork t_1, S_0x55cada4fa640;
    %jmp t_0;
    .scope S_0x55cada4fa640;
t_1 ;
    %vpi_call 2 69 "$dumpfile", "bttnResetTB.vcd" {0 0 0};
    %vpi_call 2 70 "$dumpvars", 32'sb11111111111111111111111111111111, S_0x55cada4b8490 {0 0 0};
    %delay 1000000, 0;
    %vpi_call 2 71 "$finish" {0 0 0};
    %end;
    .scope S_0x55cada4fa4b0;
t_0 %join;
    %end;
    .thread T_7;
# The file index is used to find the file name in the following table.
:file_names 4;
    "N/A";
    "<interactive>";
    "bttnResetTB.v";
    "/home/jpalaciosch/Desktop/Digital_I/DigitalLabs/proyecto-final/entrega-1-proyecto-grupo01-2024-1/src/Botones/bttnReset.v";
