#! /usr/bin/vvp
:ivl_version "12.0 (stable)";
:ivl_delay_selection "TYPICAL";
:vpi_time_precision + 0;
:vpi_module "/usr/lib64/ivl/system.vpi";
:vpi_module "/usr/lib64/ivl/vhdl_sys.vpi";
:vpi_module "/usr/lib64/ivl/vhdl_textio.vpi";
:vpi_module "/usr/lib64/ivl/v2005_math.vpi";
:vpi_module "/usr/lib64/ivl/va_math.vpi";
S_0x564fda215550 .scope module, "bttnReset" "bttnReset" 2 1;
 .timescale 0 0;
    .port_info 0 /INPUT 1 "botonReset";
    .port_info 1 /INPUT 1 "clk";
    .port_info 2 /INPUT 1 "rst";
    .port_info 3 /OUTPUT 1 "btnRst";
P_0x564fda2156e0 .param/l "COUNT_MAX" 0 2 1, +C4<00000001011111010111100001000000>;
P_0x564fda215720 .param/l "FiveSegs" 0 2 1, +C4<00000000000000000000000000001010>;
P_0x564fda215760 .param/l "PRESSING" 1 2 9, C4<00>;
P_0x564fda2157a0 .param/l "WAITING" 1 2 10, C4<01>;
o0x7fbda007d018 .functor BUFZ 1, C4<z>; HiZ drive
v0x564fda216c80_0 .net "botonReset", 0 0, o0x7fbda007d018;  0 drivers
v0x564fda217300_0 .var "btnRst", 0 0;
o0x7fbda007d078 .functor BUFZ 1, C4<z>; HiZ drive
v0x564fda23d630_0 .net "clk", 0 0, o0x7fbda007d078;  0 drivers
v0x564fda23d700_0 .var "clkmseg", 0 0;
v0x564fda269730_0 .var "contmsegs", 3 0;
v0x564fda269860_0 .var "counter", 24 0;
v0x564fda269940_0 .var "next", 3 0;
o0x7fbda007d168 .functor BUFZ 1, C4<z>; HiZ drive
v0x564fda269a20_0 .net "rst", 0 0, o0x7fbda007d168;  0 drivers
v0x564fda269ae0_0 .var "state", 3 0;
E_0x564fda24ece0 .event posedge, v0x564fda269a20_0, v0x564fda23d700_0;
E_0x564fda216060 .event posedge, v0x564fda269a20_0, v0x564fda23d630_0;
    .scope S_0x564fda215550;
T_0 ;
    %pushi/vec4 0, 0, 4;
    %assign/vec4 v0x564fda269ae0_0, 0;
    %pushi/vec4 0, 0, 4;
    %assign/vec4 v0x564fda269940_0, 0;
    %end;
    .thread T_0;
    .scope S_0x564fda215550;
T_1 ;
    %wait E_0x564fda216060;
    %load/vec4 v0x564fda269a20_0;
    %flag_set/vec4 8;
    %jmp/0xz  T_1.0, 8;
    %pushi/vec4 0, 0, 4;
    %assign/vec4 v0x564fda269ae0_0, 0;
    %jmp T_1.1;
T_1.0 ;
    %load/vec4 v0x564fda269940_0;
    %assign/vec4 v0x564fda269ae0_0, 0;
T_1.1 ;
    %jmp T_1;
    .thread T_1;
    .scope S_0x564fda215550;
T_2 ;
    %wait E_0x564fda216060;
    %load/vec4 v0x564fda269ae0_0;
    %dup/vec4;
    %pushi/vec4 0, 0, 4;
    %cmp/u;
    %jmp/1 T_2.0, 6;
    %dup/vec4;
    %pushi/vec4 1, 0, 4;
    %cmp/u;
    %jmp/1 T_2.1, 6;
    %jmp T_2.2;
T_2.0 ;
    %pushi/vec4 0, 0, 1;
    %assign/vec4 v0x564fda217300_0, 0;
    %load/vec4 v0x564fda216c80_0;
    %flag_set/vec4 8;
    %jmp/0xz  T_2.3, 8;
    %pushi/vec4 1, 0, 4;
    %assign/vec4 v0x564fda269940_0, 0;
    %pushi/vec4 0, 0, 25;
    %assign/vec4 v0x564fda269860_0, 0;
    %pushi/vec4 0, 0, 4;
    %assign/vec4 v0x564fda269730_0, 0;
    %jmp T_2.4;
T_2.3 ;
    %pushi/vec4 0, 0, 4;
    %assign/vec4 v0x564fda269940_0, 0;
T_2.4 ;
    %jmp T_2.2;
T_2.1 ;
    %load/vec4 v0x564fda216c80_0;
    %nor/r;
    %flag_set/vec4 8;
    %jmp/0xz  T_2.5, 8;
    %pushi/vec4 0, 0, 4;
    %assign/vec4 v0x564fda269940_0, 0;
    %jmp T_2.6;
T_2.5 ;
    %load/vec4 v0x564fda269730_0;
    %pad/u 32;
    %cmpi/u 10, 0, 32;
    %jmp/0xz  T_2.7, 5;
    %pushi/vec4 1, 0, 4;
    %assign/vec4 v0x564fda269940_0, 0;
    %jmp T_2.8;
T_2.7 ;
    %pushi/vec4 1, 0, 1;
    %assign/vec4 v0x564fda217300_0, 0;
    %pushi/vec4 0, 0, 4;
    %assign/vec4 v0x564fda269730_0, 0;
    %pushi/vec4 0, 0, 4;
    %assign/vec4 v0x564fda269940_0, 0;
T_2.8 ;
T_2.6 ;
    %jmp T_2.2;
T_2.2 ;
    %pop/vec4 1;
    %jmp T_2;
    .thread T_2;
    .scope S_0x564fda215550;
T_3 ;
    %wait E_0x564fda216060;
    %load/vec4 v0x564fda269a20_0;
    %flag_set/vec4 8;
    %jmp/0xz  T_3.0, 8;
    %pushi/vec4 0, 0, 1;
    %assign/vec4 v0x564fda23d700_0, 0;
    %pushi/vec4 0, 0, 25;
    %assign/vec4 v0x564fda269860_0, 0;
    %jmp T_3.1;
T_3.0 ;
    %load/vec4 v0x564fda269860_0;
    %pad/u 32;
    %cmpi/e 24999999, 0, 32;
    %jmp/0xz  T_3.2, 4;
    %load/vec4 v0x564fda23d700_0;
    %inv;
    %assign/vec4 v0x564fda23d700_0, 0;
    %pushi/vec4 0, 0, 25;
    %assign/vec4 v0x564fda269860_0, 0;
    %jmp T_3.3;
T_3.2 ;
    %load/vec4 v0x564fda269860_0;
    %addi 1, 0, 25;
    %store/vec4 v0x564fda269860_0, 0, 25;
T_3.3 ;
T_3.1 ;
    %jmp T_3;
    .thread T_3;
    .scope S_0x564fda215550;
T_4 ;
    %wait E_0x564fda24ece0;
    %load/vec4 v0x564fda269a20_0;
    %flag_set/vec4 8;
    %jmp/0xz  T_4.0, 8;
    %pushi/vec4 0, 0, 4;
    %assign/vec4 v0x564fda269730_0, 0;
    %jmp T_4.1;
T_4.0 ;
    %load/vec4 v0x564fda269730_0;
    %addi 1, 0, 4;
    %assign/vec4 v0x564fda269730_0, 0;
T_4.1 ;
    %jmp T_4;
    .thread T_4;
# The file index is used to find the file name in the following table.
:file_names 3;
    "N/A";
    "<interactive>";
    "src/Botones/bttnReset.v";
