#! /usr/bin/vvp
:ivl_version "11.0 (stable)";
:ivl_delay_selection "TYPICAL";
:vpi_time_precision - 12;
:vpi_module "/usr/lib/x86_64-linux-gnu/ivl/system.vpi";
:vpi_module "/usr/lib/x86_64-linux-gnu/ivl/vhdl_sys.vpi";
:vpi_module "/usr/lib/x86_64-linux-gnu/ivl/vhdl_textio.vpi";
:vpi_module "/usr/lib/x86_64-linux-gnu/ivl/v2005_math.vpi";
:vpi_module "/usr/lib/x86_64-linux-gnu/ivl/va_math.vpi";
S_0x5a2650fb61b0 .scope module, "mic_TB" "mic_TB" 2 4;
 .timescale -3 -12;
v0x5a2650fcdc20_0 .net "buzzer", 0 0, v0x5a2650f767b0_0;  1 drivers
v0x5a2650fcdce0_0 .var "clk", 0 0;
v0x5a2650fcddb0_0 .var "mic", 0 0;
v0x5a2650fcdeb0_0 .var "rst", 0 0;
S_0x5a2650fb6340 .scope begin, "TEST_CASE" "TEST_CASE" 2 38, 2 38 0, S_0x5a2650fb61b0;
 .timescale -3 -12;
S_0x5a2650fa0630 .scope module, "uut" "mic" 2 13, 3 1 0, S_0x5a2650fb61b0;
 .timescale -3 -12;
    .port_info 0 /INPUT 1 "mic";
    .port_info 1 /INPUT 1 "clk";
    .port_info 2 /INPUT 1 "rst";
    .port_info 3 /OUTPUT 1 "buzzer";
P_0x5a2650fa0810 .param/l "COUNT_MAX" 0 3 1, +C4<00000000000000000000000000110010>;
v0x5a2650f767b0_0 .var "buzzer", 0 0;
v0x5a2650f76ba0_0 .net "clk", 0 0, v0x5a2650fcdce0_0;  1 drivers
v0x5a2650fcd6b0_0 .var "clkmseg", 0 0;
v0x5a2650fcd750_0 .var "contmsegs", 3 0;
v0x5a2650fcd830_0 .var "counter", 5 0;
v0x5a2650fcd960_0 .net "mic", 0 0, v0x5a2650fcddb0_0;  1 drivers
v0x5a2650fcda20_0 .var "prev_mic", 0 0;
v0x5a2650fcdae0_0 .net "rst", 0 0, v0x5a2650fcdeb0_0;  1 drivers
E_0x5a2650f75420 .event posedge, v0x5a2650fcdae0_0, v0x5a2650f76ba0_0;
E_0x5a2650fadf30 .event posedge, v0x5a2650fcdae0_0, v0x5a2650fcd6b0_0;
    .scope S_0x5a2650fa0630;
T_0 ;
    %pushi/vec4 0, 0, 1;
    %store/vec4 v0x5a2650fcda20_0, 0, 1;
    %end;
    .thread T_0;
    .scope S_0x5a2650fa0630;
T_1 ;
    %wait E_0x5a2650f75420;
    %load/vec4 v0x5a2650fcdae0_0;
    %flag_set/vec4 8;
    %jmp/0xz  T_1.0, 8;
    %pushi/vec4 0, 0, 1;
    %assign/vec4 v0x5a2650fcd6b0_0, 0;
    %pushi/vec4 0, 0, 6;
    %assign/vec4 v0x5a2650fcd830_0, 0;
    %jmp T_1.1;
T_1.0 ;
    %load/vec4 v0x5a2650fcd830_0;
    %pad/u 32;
    %cmpi/e 49, 0, 32;
    %jmp/0xz  T_1.2, 4;
    %load/vec4 v0x5a2650fcd6b0_0;
    %inv;
    %assign/vec4 v0x5a2650fcd6b0_0, 0;
    %pushi/vec4 0, 0, 6;
    %assign/vec4 v0x5a2650fcd830_0, 0;
    %jmp T_1.3;
T_1.2 ;
    %load/vec4 v0x5a2650fcd830_0;
    %addi 1, 0, 6;
    %store/vec4 v0x5a2650fcd830_0, 0, 6;
T_1.3 ;
T_1.1 ;
    %jmp T_1;
    .thread T_1;
    .scope S_0x5a2650fa0630;
T_2 ;
    %wait E_0x5a2650fadf30;
    %load/vec4 v0x5a2650fcdae0_0;
    %flag_set/vec4 8;
    %jmp/0xz  T_2.0, 8;
    %pushi/vec4 0, 0, 4;
    %assign/vec4 v0x5a2650fcd750_0, 0;
    %jmp T_2.1;
T_2.0 ;
    %load/vec4 v0x5a2650fcd750_0;
    %addi 1, 0, 4;
    %assign/vec4 v0x5a2650fcd750_0, 0;
T_2.1 ;
    %jmp T_2;
    .thread T_2;
    .scope S_0x5a2650fa0630;
T_3 ;
    %wait E_0x5a2650f75420;
    %load/vec4 v0x5a2650fcdae0_0;
    %flag_set/vec4 8;
    %jmp/0xz  T_3.0, 8;
    %pushi/vec4 0, 0, 1;
    %assign/vec4 v0x5a2650f767b0_0, 0;
    %jmp T_3.1;
T_3.0 ;
    %load/vec4 v0x5a2650fcd960_0;
    %load/vec4 v0x5a2650fcda20_0;
    %pad/u 32;
    %pushi/vec4 0, 0, 32;
    %cmp/e;
    %flag_get/vec4 4;
    %and;
    %flag_set/vec4 8;
    %jmp/0xz  T_3.2, 8;
    %pushi/vec4 1, 0, 1;
    %store/vec4 v0x5a2650fcda20_0, 0, 1;
    %pushi/vec4 0, 0, 4;
    %assign/vec4 v0x5a2650fcd750_0, 0;
    %load/vec4 v0x5a2650fcd750_0;
    %pad/u 32;
    %cmpi/e 5, 0, 32;
    %jmp/0xz  T_3.4, 4;
    %pushi/vec4 1, 0, 1;
    %assign/vec4 v0x5a2650f767b0_0, 0;
    %jmp T_3.5;
T_3.4 ;
    %load/vec4 v0x5a2650fcd750_0;
    %pad/u 32;
    %cmpi/e 6, 0, 32;
    %jmp/0xz  T_3.6, 4;
    %pushi/vec4 0, 0, 1;
    %assign/vec4 v0x5a2650f767b0_0, 0;
    %jmp T_3.7;
T_3.6 ;
    %load/vec4 v0x5a2650fcd750_0;
    %pad/u 32;
    %cmpi/e 7, 0, 32;
    %jmp/0xz  T_3.8, 4;
    %pushi/vec4 1, 0, 1;
    %assign/vec4 v0x5a2650f767b0_0, 0;
    %jmp T_3.9;
T_3.8 ;
    %load/vec4 v0x5a2650fcd750_0;
    %pad/u 32;
    %cmpi/e 8, 0, 32;
    %jmp/0xz  T_3.10, 4;
    %pushi/vec4 0, 0, 1;
    %assign/vec4 v0x5a2650f767b0_0, 0;
    %jmp T_3.11;
T_3.10 ;
    %load/vec4 v0x5a2650fcd750_0;
    %pad/u 32;
    %cmpi/e 9, 0, 32;
    %jmp/0xz  T_3.12, 4;
    %pushi/vec4 1, 0, 1;
    %assign/vec4 v0x5a2650f767b0_0, 0;
    %jmp T_3.13;
T_3.12 ;
    %load/vec4 v0x5a2650fcd750_0;
    %pad/u 32;
    %cmpi/e 10, 0, 32;
    %jmp/0xz  T_3.14, 4;
    %pushi/vec4 0, 0, 1;
    %assign/vec4 v0x5a2650f767b0_0, 0;
    %load/vec4 v0x5a2650fcd960_0;
    %store/vec4 v0x5a2650fcda20_0, 0, 1;
    %pushi/vec4 0, 0, 4;
    %assign/vec4 v0x5a2650fcd750_0, 0;
T_3.14 ;
T_3.13 ;
T_3.11 ;
T_3.9 ;
T_3.7 ;
T_3.5 ;
T_3.2 ;
T_3.1 ;
    %jmp T_3;
    .thread T_3;
    .scope S_0x5a2650fb61b0;
T_4 ;
    %delay 705032704, 1;
    %load/vec4 v0x5a2650fcdce0_0;
    %inv;
    %store/vec4 v0x5a2650fcdce0_0, 0, 1;
    %jmp T_4;
    .thread T_4;
    .scope S_0x5a2650fb61b0;
T_5 ;
    %pushi/vec4 0, 0, 1;
    %store/vec4 v0x5a2650fcdce0_0, 0, 1;
    %pushi/vec4 0, 0, 1;
    %store/vec4 v0x5a2650fcddb0_0, 0, 1;
    %pushi/vec4 1, 0, 1;
    %store/vec4 v0x5a2650fcdeb0_0, 0, 1;
    %delay 3567587328, 232;
    %pushi/vec4 0, 0, 1;
    %store/vec4 v0x5a2650fcdeb0_0, 0, 1;
    %delay 3567587328, 232;
    %pushi/vec4 1, 0, 1;
    %store/vec4 v0x5a2650fcddb0_0, 0, 1;
    %delay 3567587328, 232;
    %pushi/vec4 0, 0, 1;
    %store/vec4 v0x5a2650fcddb0_0, 0, 1;
    %delay 658067456, 1164;
    %pushi/vec4 1, 0, 1;
    %store/vec4 v0x5a2650fcddb0_0, 0, 1;
    %delay 1316134912, 2328;
    %pushi/vec4 0, 0, 1;
    %store/vec4 v0x5a2650fcddb0_0, 0, 1;
    %delay 2840207360, 465;
    %pushi/vec4 1, 0, 1;
    %store/vec4 v0x5a2650fcddb0_0, 0, 1;
    %delay 3567587328, 232;
    %pushi/vec4 0, 0, 1;
    %store/vec4 v0x5a2650fcddb0_0, 0, 1;
    %end;
    .thread T_5;
    .scope S_0x5a2650fb61b0;
T_6 ;
    %fork t_1, S_0x5a2650fb6340;
    %jmp t_0;
    .scope S_0x5a2650fb6340;
t_1 ;
    %vpi_call 2 39 "$dumpfile", "mic_TB.vcd" {0 0 0};
    %vpi_call 2 40 "$dumpvars", 32'sb11111111111111111111111111111111, S_0x5a2650fa0630 {0 0 0};
    %delay 2764472320, 232830;
    %vpi_call 2 41 "$finish" {0 0 0};
    %end;
    .scope S_0x5a2650fb61b0;
t_0 %join;
    %end;
    .thread T_6;
# The file index is used to find the file name in the following table.
:file_names 4;
    "N/A";
    "<interactive>";
    "mic_TB.v";
    "/home/samarinbe/Desktop/Ingeniería Electrónica UN/3. Tercer Semestre/Electrónica Digital 1/entrega-1-proyecto-grupo01-2024-1/Proyecto Tamagotchi/Codigos/mic.v";
